<?xml version="1.0" encoding="UTF-8"?>
<testng-results ignored="0" total="14" passed="13" failed="1" skipped="0">
  <reporter-output>
  </reporter-output>
  <suite started-at="2022-06-22T00:42:12 GMT-04:00" name="Surefire suite" finished-at="2022-06-22T00:45:21 GMT-04:00" duration-ms="189438">
    <groups>
      <group name="smoke">
        <method signature="LoginPageTest.loginPageTitleTest()[pri:1, instance:com.crm.qa.testcases.LoginPageTest@58134517]" name="loginPageTitleTest" class="com.crm.qa.testcases.LoginPageTest"/>
        <method signature="LoginPageTest.loginTest()[pri:3, instance:com.crm.qa.testcases.LoginPageTest@58134517]" name="loginTest" class="com.crm.qa.testcases.LoginPageTest"/>
      </group> <!-- smoke -->
    </groups>
    <test started-at="2022-06-22T00:42:12 GMT-04:00" name="Surefire test" finished-at="2022-06-22T00:45:21 GMT-04:00" duration-ms="189438">
      <class name="com.crm.qa.testcases.HomePageTest">
        <test-method is-config="true" signature="setUp()[pri:0, instance:com.crm.qa.testcases.HomePageTest@279ad2e3]" started-at="2022-06-22T00:43:55 GMT-04:00" name="setUp" finished-at="2022-06-22T00:44:03 GMT-04:00" duration-ms="8204" status="PASS">
          <reporter-output>
          </reporter-output>
        </test-method> <!-- setUp -->
        <test-method signature="verifyHomePageTitleTest()[pri:1, instance:com.crm.qa.testcases.HomePageTest@279ad2e3]" started-at="2022-06-22T00:44:03 GMT-04:00" name="verifyHomePageTitleTest" finished-at="2022-06-22T00:44:03 GMT-04:00" duration-ms="10" status="PASS">
          <reporter-output>
          </reporter-output>
        </test-method> <!-- verifyHomePageTitleTest -->
        <test-method is-config="true" signature="tearDown()[pri:0, instance:com.crm.qa.testcases.HomePageTest@279ad2e3]" started-at="2022-06-22T00:44:03 GMT-04:00" name="tearDown" finished-at="2022-06-22T00:44:04 GMT-04:00" duration-ms="839" status="PASS">
          <reporter-output>
          </reporter-output>
        </test-method> <!-- tearDown -->
        <test-method is-config="true" signature="setUp()[pri:0, instance:com.crm.qa.testcases.HomePageTest@279ad2e3]" started-at="2022-06-22T00:44:04 GMT-04:00" name="setUp" finished-at="2022-06-22T00:44:13 GMT-04:00" duration-ms="9030" status="PASS">
          <reporter-output>
          </reporter-output>
        </test-method> <!-- setUp -->
        <test-method signature="verifyUserNameTest()[pri:2, instance:com.crm.qa.testcases.HomePageTest@279ad2e3]" started-at="2022-06-22T00:44:13 GMT-04:00" name="verifyUserNameTest" finished-at="2022-06-22T00:44:15 GMT-04:00" duration-ms="1822" status="PASS">
          <reporter-output>
          </reporter-output>
        </test-method> <!-- verifyUserNameTest -->
        <test-method is-config="true" signature="tearDown()[pri:0, instance:com.crm.qa.testcases.HomePageTest@279ad2e3]" started-at="2022-06-22T00:44:15 GMT-04:00" name="tearDown" finished-at="2022-06-22T00:44:16 GMT-04:00" duration-ms="973" status="PASS">
          <reporter-output>
          </reporter-output>
        </test-method> <!-- tearDown -->
        <test-method is-config="true" signature="setUp()[pri:0, instance:com.crm.qa.testcases.HomePageTest@279ad2e3]" started-at="2022-06-22T00:44:16 GMT-04:00" name="setUp" finished-at="2022-06-22T00:44:25 GMT-04:00" duration-ms="8820" status="PASS">
          <reporter-output>
          </reporter-output>
        </test-method> <!-- setUp -->
        <test-method signature="verifyContactsLinkTest()[pri:3, instance:com.crm.qa.testcases.HomePageTest@279ad2e3]" started-at="2022-06-22T00:44:25 GMT-04:00" name="verifyContactsLinkTest" finished-at="2022-06-22T00:44:26 GMT-04:00" duration-ms="1327" status="PASS">
          <reporter-output>
          </reporter-output>
        </test-method> <!-- verifyContactsLinkTest -->
        <test-method is-config="true" signature="tearDown()[pri:0, instance:com.crm.qa.testcases.HomePageTest@279ad2e3]" started-at="2022-06-22T00:44:26 GMT-04:00" name="tearDown" finished-at="2022-06-22T00:44:27 GMT-04:00" duration-ms="1068" status="PASS">
          <reporter-output>
          </reporter-output>
        </test-method> <!-- tearDown -->
        <test-method is-config="true" signature="setUp()[pri:0, instance:com.crm.qa.testcases.HomePageTest@279ad2e3]" started-at="2022-06-22T00:44:27 GMT-04:00" name="setUp" finished-at="2022-06-22T00:44:37 GMT-04:00" duration-ms="9684" status="PASS">
          <reporter-output>
          </reporter-output>
        </test-method> <!-- setUp -->
        <test-method signature="verifyDealsLinkTest()[pri:4, instance:com.crm.qa.testcases.HomePageTest@279ad2e3]" started-at="2022-06-22T00:44:37 GMT-04:00" name="verifyDealsLinkTest" finished-at="2022-06-22T00:44:38 GMT-04:00" duration-ms="1499" status="PASS">
          <reporter-output>
          </reporter-output>
        </test-method> <!-- verifyDealsLinkTest -->
        <test-method is-config="true" signature="tearDown()[pri:0, instance:com.crm.qa.testcases.HomePageTest@279ad2e3]" started-at="2022-06-22T00:44:38 GMT-04:00" name="tearDown" finished-at="2022-06-22T00:44:40 GMT-04:00" duration-ms="1159" status="PASS">
          <reporter-output>
          </reporter-output>
        </test-method> <!-- tearDown -->
        <test-method is-config="true" signature="setUp()[pri:0, instance:com.crm.qa.testcases.HomePageTest@279ad2e3]" started-at="2022-06-22T00:44:40 GMT-04:00" name="setUp" finished-at="2022-06-22T00:44:51 GMT-04:00" duration-ms="11370" status="PASS">
          <reporter-output>
          </reporter-output>
        </test-method> <!-- setUp -->
        <test-method signature="verifyTaskLinkTest()[pri:5, instance:com.crm.qa.testcases.HomePageTest@279ad2e3]" started-at="2022-06-22T00:44:51 GMT-04:00" name="verifyTaskLinkTest" finished-at="2022-06-22T00:44:52 GMT-04:00" duration-ms="1169" status="PASS">
          <reporter-output>
          </reporter-output>
        </test-method> <!-- verifyTaskLinkTest -->
        <test-method is-config="true" signature="tearDown()[pri:0, instance:com.crm.qa.testcases.HomePageTest@279ad2e3]" started-at="2022-06-22T00:44:52 GMT-04:00" name="tearDown" finished-at="2022-06-22T00:44:53 GMT-04:00" duration-ms="926" status="PASS">
          <reporter-output>
          </reporter-output>
        </test-method> <!-- tearDown -->
      </class> <!-- com.crm.qa.testcases.HomePageTest -->
      <class name="com.crm.qa.testcases.ContactsPageTest">
        <test-method is-config="true" signature="setUp()[pri:0, instance:com.crm.qa.testcases.ContactsPageTest@12405818]" started-at="2022-06-22T00:42:12 GMT-04:00" name="setUp" finished-at="2022-06-22T00:42:25 GMT-04:00" duration-ms="13284" status="PASS">
          <reporter-output>
          </reporter-output>
        </test-method> <!-- setUp -->
        <test-method signature="verifyContactsPageLabel()[pri:1, instance:com.crm.qa.testcases.ContactsPageTest@12405818]" started-at="2022-06-22T00:42:25 GMT-04:00" name="verifyContactsPageLabel" finished-at="2022-06-22T00:42:25 GMT-04:00" duration-ms="87" status="PASS">
          <reporter-output>
          </reporter-output>
        </test-method> <!-- verifyContactsPageLabel -->
        <test-method is-config="true" signature="tearDown()[pri:0, instance:com.crm.qa.testcases.ContactsPageTest@12405818]" started-at="2022-06-22T00:42:25 GMT-04:00" name="tearDown" finished-at="2022-06-22T00:42:26 GMT-04:00" duration-ms="865" status="PASS">
          <reporter-output>
          </reporter-output>
        </test-method> <!-- tearDown -->
        <test-method is-config="true" signature="setUp()[pri:0, instance:com.crm.qa.testcases.ContactsPageTest@12405818]" started-at="2022-06-22T00:42:26 GMT-04:00" name="setUp" finished-at="2022-06-22T00:42:35 GMT-04:00" duration-ms="8655" status="PASS">
          <reporter-output>
          </reporter-output>
        </test-method> <!-- setUp -->
        <test-method signature="selectSingleContactsTest()[pri:2, instance:com.crm.qa.testcases.ContactsPageTest@12405818]" started-at="2022-06-22T00:42:35 GMT-04:00" name="selectSingleContactsTest" finished-at="2022-06-22T00:42:35 GMT-04:00" duration-ms="48" status="PASS">
          <reporter-output>
          </reporter-output>
        </test-method> <!-- selectSingleContactsTest -->
        <test-method is-config="true" signature="tearDown()[pri:0, instance:com.crm.qa.testcases.ContactsPageTest@12405818]" started-at="2022-06-22T00:42:35 GMT-04:00" name="tearDown" finished-at="2022-06-22T00:42:36 GMT-04:00" duration-ms="1162" status="PASS">
          <reporter-output>
          </reporter-output>
        </test-method> <!-- tearDown -->
        <test-method is-config="true" signature="setUp()[pri:0, instance:com.crm.qa.testcases.ContactsPageTest@12405818]" started-at="2022-06-22T00:42:36 GMT-04:00" name="setUp" finished-at="2022-06-22T00:42:47 GMT-04:00" duration-ms="11389" status="PASS">
          <reporter-output>
          </reporter-output>
        </test-method> <!-- setUp -->
        <test-method signature="selectMultipleContactsTest()[pri:3, instance:com.crm.qa.testcases.ContactsPageTest@12405818]" started-at="2022-06-22T00:42:47 GMT-04:00" name="selectMultipleContactsTest" finished-at="2022-06-22T00:43:08 GMT-04:00" duration-ms="20683" status="FAIL">
          <exception class="org.openqa.selenium.NoSuchElementException">
            <message>
              <![CDATA[Unable to locate element: //a[text()='tom patel']//parent::td[@class='']//preceding-sibling::td[@class='']//div[@class='ui fitted read-only checkbox']
For documentation on this error, please visit: http://seleniumhq.org/exceptions/no_such_element.html
Build info: version: '3.14.0', revision: 'aacccce0', time: '2018-08-02T20:19:58.91Z'
System info: host: 'krupals-MacBook-Air.local', ip: 'fe80:0:0:0:40:aec7:e058:b083%en0', os.name: 'Mac OS X', os.arch: 'x86_64', os.version: '10.13.6', java.version: '14.0.2'
Driver info: org.openqa.selenium.firefox.FirefoxDriver
Capabilities {acceptInsecureCerts: true, browserName: firefox, browserVersion: 101.0.1, javascriptEnabled: true, moz:accessibilityChecks: false, moz:buildID: 20220608170832, moz:geckodriverVersion: 0.30.0, moz:headless: false, moz:processID: 5476, moz:profile: /var/folders/p8/fwvt8hpx36d..., moz:shutdownTimeout: 60000, moz:useNonSpecCompliantPointerOrigin: false, moz:webdriverClick: true, pageLoadStrategy: normal, platform: MAC, platformName: MAC, platformVersion: 17.7.0, proxy: Proxy(), setWindowRect: true, strictFileInteractability: false, timeouts: {implicit: 0, pageLoad: 300000, script: 30000}, unhandledPromptBehavior: dismiss and notify}
Session ID: cba531ee-275b-4b1a-ade8-85ad3540932d
*** Element info: {Using=xpath, value=//a[text()='tom patel']//parent::td[@class='']//preceding-sibling::td[@class='']//div[@class='ui fitted read-only checkbox']}]]>
            </message>
            <full-stacktrace>
              <![CDATA[org.openqa.selenium.NoSuchElementException: Unable to locate element: //a[text()='tom patel']//parent::td[@class='']//preceding-sibling::td[@class='']//div[@class='ui fitted read-only checkbox']
For documentation on this error, please visit: http://seleniumhq.org/exceptions/no_such_element.html
Build info: version: '3.14.0', revision: 'aacccce0', time: '2018-08-02T20:19:58.91Z'
System info: host: 'krupals-MacBook-Air.local', ip: 'fe80:0:0:0:40:aec7:e058:b083%en0', os.name: 'Mac OS X', os.arch: 'x86_64', os.version: '10.13.6', java.version: '14.0.2'
Driver info: org.openqa.selenium.firefox.FirefoxDriver
Capabilities {acceptInsecureCerts: true, browserName: firefox, browserVersion: 101.0.1, javascriptEnabled: true, moz:accessibilityChecks: false, moz:buildID: 20220608170832, moz:geckodriverVersion: 0.30.0, moz:headless: false, moz:processID: 5476, moz:profile: /var/folders/p8/fwvt8hpx36d..., moz:shutdownTimeout: 60000, moz:useNonSpecCompliantPointerOrigin: false, moz:webdriverClick: true, pageLoadStrategy: normal, platform: MAC, platformName: MAC, platformVersion: 17.7.0, proxy: Proxy(), setWindowRect: true, strictFileInteractability: false, timeouts: {implicit: 0, pageLoad: 300000, script: 30000}, unhandledPromptBehavior: dismiss and notify}
Session ID: cba531ee-275b-4b1a-ade8-85ad3540932d
*** Element info: {Using=xpath, value=//a[text()='tom patel']//parent::td[@class='']//preceding-sibling::td[@class='']//div[@class='ui fitted read-only checkbox']}
at java.base/jdk.internal.reflect.NativeConstructorAccessorImpl.newInstance0(Native Method)
at java.base/jdk.internal.reflect.NativeConstructorAccessorImpl.newInstance(NativeConstructorAccessorImpl.java:62)
at java.base/jdk.internal.reflect.DelegatingConstructorAccessorImpl.newInstance(DelegatingConstructorAccessorImpl.java:45)
at java.base/java.lang.reflect.Constructor.newInstanceWithCaller(Constructor.java:500)
at java.base/java.lang.reflect.Constructor.newInstance(Constructor.java:481)
at org.openqa.selenium.remote.http.W3CHttpResponseCodec.createException(W3CHttpResponseCodec.java:187)
at org.openqa.selenium.remote.http.W3CHttpResponseCodec.decode(W3CHttpResponseCodec.java:122)
at org.openqa.selenium.remote.http.W3CHttpResponseCodec.decode(W3CHttpResponseCodec.java:49)
at org.openqa.selenium.remote.HttpCommandExecutor.execute(HttpCommandExecutor.java:158)
at org.openqa.selenium.remote.service.DriverCommandExecutor.execute(DriverCommandExecutor.java:83)
at org.openqa.selenium.remote.RemoteWebDriver.execute(RemoteWebDriver.java:548)
at org.openqa.selenium.remote.RemoteWebDriver.findElement(RemoteWebDriver.java:322)
at org.openqa.selenium.remote.RemoteWebDriver.findElementByXPath(RemoteWebDriver.java:424)
at org.openqa.selenium.By$ByXPath.findElement(By.java:353)
at org.openqa.selenium.remote.RemoteWebDriver.findElement(RemoteWebDriver.java:314)
at jdk.internal.reflect.GeneratedMethodAccessor2.invoke(Unknown Source)
at java.base/jdk.internal.reflect.DelegatingMethodAccessorImpl.invoke(DelegatingMethodAccessorImpl.java:43)
at java.base/java.lang.reflect.Method.invoke(Method.java:564)
at org.openqa.selenium.support.events.EventFiringWebDriver.lambda$new$1(EventFiringWebDriver.java:105)
at com.sun.proxy.$Proxy7.findElement(Unknown Source)
at org.openqa.selenium.support.events.EventFiringWebDriver.findElement(EventFiringWebDriver.java:194)
at com.crm.qa.pages.ContactsPage.selectContactsByName(ContactsPage.java:51)
at com.crm.qa.testcases.ContactsPageTest.selectMultipleContactsTest(ContactsPageTest.java:58)
at java.base/jdk.internal.reflect.NativeMethodAccessorImpl.invoke0(Native Method)
at java.base/jdk.internal.reflect.NativeMethodAccessorImpl.invoke(NativeMethodAccessorImpl.java:62)
at java.base/jdk.internal.reflect.DelegatingMethodAccessorImpl.invoke(DelegatingMethodAccessorImpl.java:43)
at java.base/java.lang.reflect.Method.invoke(Method.java:564)
at org.testng.internal.invokers.MethodInvocationHelper.invokeMethod(MethodInvocationHelper.java:139)
at org.testng.internal.invokers.TestInvoker.invokeMethod(TestInvoker.java:677)
at org.testng.internal.invokers.TestInvoker.invokeTestMethod(TestInvoker.java:221)
at org.testng.internal.invokers.MethodRunner.runInSequence(MethodRunner.java:50)
at org.testng.internal.invokers.TestInvoker$MethodInvocationAgent.invoke(TestInvoker.java:962)
at org.testng.internal.invokers.TestInvoker.invokeTestMethods(TestInvoker.java:194)
at org.testng.internal.invokers.TestMethodWorker.invokeTestMethods(TestMethodWorker.java:148)
at org.testng.internal.invokers.TestMethodWorker.run(TestMethodWorker.java:128)
at java.base/java.util.ArrayList.forEach(ArrayList.java:1511)
at org.testng.TestRunner.privateRun(TestRunner.java:806)
at org.testng.TestRunner.run(TestRunner.java:601)
at org.testng.SuiteRunner.runTest(SuiteRunner.java:433)
at org.testng.SuiteRunner.runSequentially(SuiteRunner.java:427)
at org.testng.SuiteRunner.privateRun(SuiteRunner.java:387)
at org.testng.SuiteRunner.run(SuiteRunner.java:330)
at org.testng.SuiteRunnerWorker.runSuite(SuiteRunnerWorker.java:52)
at org.testng.SuiteRunnerWorker.run(SuiteRunnerWorker.java:95)
at org.testng.TestNG.runSuitesSequentially(TestNG.java:1256)
at org.testng.TestNG.runSuitesLocally(TestNG.java:1176)
at org.testng.TestNG.runSuites(TestNG.java:1099)
at org.testng.TestNG.run(TestNG.java:1067)
at org.apache.maven.surefire.testng.TestNGExecutor.run(TestNGExecutor.java:135)
at org.apache.maven.surefire.testng.TestNGDirectoryTestSuite.executeMulti(TestNGDirectoryTestSuite.java:193)
at org.apache.maven.surefire.testng.TestNGDirectoryTestSuite.execute(TestNGDirectoryTestSuite.java:94)
at org.apache.maven.surefire.testng.TestNGProvider.invoke(TestNGProvider.java:146)
at org.apache.maven.surefire.booter.ForkedBooter.invokeProviderInSameClassLoader(ForkedBooter.java:384)
at org.apache.maven.surefire.booter.ForkedBooter.runSuitesInProcess(ForkedBooter.java:345)
at org.apache.maven.surefire.booter.ForkedBooter.execute(ForkedBooter.java:126)
at org.apache.maven.surefire.booter.ForkedBooter.main(ForkedBooter.java:418)
]]>
            </full-stacktrace>
          </exception> <!-- org.openqa.selenium.NoSuchElementException -->
          <reporter-output>
          </reporter-output>
        </test-method> <!-- selectMultipleContactsTest -->
        <test-method is-config="true" signature="tearDown()[pri:0, instance:com.crm.qa.testcases.ContactsPageTest@12405818]" started-at="2022-06-22T00:43:08 GMT-04:00" name="tearDown" finished-at="2022-06-22T00:43:09 GMT-04:00" duration-ms="828" status="PASS">
          <reporter-output>
          </reporter-output>
        </test-method> <!-- tearDown -->
        <test-method is-config="true" signature="setUp()[pri:0, instance:com.crm.qa.testcases.ContactsPageTest@12405818]" started-at="2022-06-22T00:43:10 GMT-04:00" name="setUp" finished-at="2022-06-22T00:43:21 GMT-04:00" duration-ms="11022" status="PASS">
          <reporter-output>
          </reporter-output>
        </test-method> <!-- setUp -->
        <test-method signature="validateCreateNewContact(java.lang.String,java.lang.String,java.lang.String,java.lang.String)[pri:4, instance:com.crm.qa.testcases.ContactsPageTest@12405818]" started-at="2022-06-22T00:43:21 GMT-04:00" name="validateCreateNewContact" data-provider="getCRMTestData" finished-at="2022-06-22T00:43:25 GMT-04:00" duration-ms="3912" status="PASS">
          <params>
            <param index="0">
              <value>
                <![CDATA[Lead]]>
              </value>
            </param>
            <param index="1">
              <value>
                <![CDATA[Tom]]>
              </value>
            </param>
            <param index="2">
              <value>
                <![CDATA[Peter]]>
              </value>
            </param>
            <param index="3">
              <value>
                <![CDATA[Google]]>
              </value>
            </param>
          </params>
          <reporter-output>
          </reporter-output>
        </test-method> <!-- validateCreateNewContact -->
        <test-method is-config="true" signature="tearDown()[pri:0, instance:com.crm.qa.testcases.ContactsPageTest@12405818]" started-at="2022-06-22T00:43:25 GMT-04:00" name="tearDown" finished-at="2022-06-22T00:43:26 GMT-04:00" duration-ms="948" status="PASS">
          <reporter-output>
          </reporter-output>
        </test-method> <!-- tearDown -->
        <test-method is-config="true" signature="setUp()[pri:0, instance:com.crm.qa.testcases.ContactsPageTest@12405818]" started-at="2022-06-22T00:43:26 GMT-04:00" name="setUp" finished-at="2022-06-22T00:43:35 GMT-04:00" duration-ms="9139" status="PASS">
          <reporter-output>
          </reporter-output>
        </test-method> <!-- setUp -->
        <test-method signature="validateCreateNewContact(java.lang.String,java.lang.String,java.lang.String,java.lang.String)[pri:4, instance:com.crm.qa.testcases.ContactsPageTest@12405818]" started-at="2022-06-22T00:43:35 GMT-04:00" name="validateCreateNewContact" data-provider="getCRMTestData" finished-at="2022-06-22T00:43:38 GMT-04:00" duration-ms="3565" status="PASS">
          <params>
            <param index="0">
              <value>
                <![CDATA[Customer]]>
              </value>
            </param>
            <param index="1">
              <value>
                <![CDATA[David]]>
              </value>
            </param>
            <param index="2">
              <value>
                <![CDATA[Cris]]>
              </value>
            </param>
            <param index="3">
              <value>
                <![CDATA[Amazon]]>
              </value>
            </param>
          </params>
          <reporter-output>
          </reporter-output>
        </test-method> <!-- validateCreateNewContact -->
        <test-method is-config="true" signature="tearDown()[pri:0, instance:com.crm.qa.testcases.ContactsPageTest@12405818]" started-at="2022-06-22T00:43:38 GMT-04:00" name="tearDown" finished-at="2022-06-22T00:43:39 GMT-04:00" duration-ms="962" status="PASS">
          <reporter-output>
          </reporter-output>
        </test-method> <!-- tearDown -->
        <test-method is-config="true" signature="setUp()[pri:0, instance:com.crm.qa.testcases.ContactsPageTest@12405818]" started-at="2022-06-22T00:43:39 GMT-04:00" name="setUp" finished-at="2022-06-22T00:43:51 GMT-04:00" duration-ms="11296" status="PASS">
          <reporter-output>
          </reporter-output>
        </test-method> <!-- setUp -->
        <test-method signature="validateCreateNewContact(java.lang.String,java.lang.String,java.lang.String,java.lang.String)[pri:4, instance:com.crm.qa.testcases.ContactsPageTest@12405818]" started-at="2022-06-22T00:43:51 GMT-04:00" name="validateCreateNewContact" data-provider="getCRMTestData" finished-at="2022-06-22T00:43:54 GMT-04:00" duration-ms="3426" status="PASS">
          <params>
            <param index="0">
              <value>
                <![CDATA[Contact]]>
              </value>
            </param>
            <param index="1">
              <value>
                <![CDATA[Mukta]]>
              </value>
            </param>
            <param index="2">
              <value>
                <![CDATA[Sharma]]>
              </value>
            </param>
            <param index="3">
              <value>
                <![CDATA[Ebay]]>
              </value>
            </param>
          </params>
          <reporter-output>
          </reporter-output>
        </test-method> <!-- validateCreateNewContact -->
        <test-method is-config="true" signature="tearDown()[pri:0, instance:com.crm.qa.testcases.ContactsPageTest@12405818]" started-at="2022-06-22T00:43:54 GMT-04:00" name="tearDown" finished-at="2022-06-22T00:43:55 GMT-04:00" duration-ms="1005" status="PASS">
          <reporter-output>
          </reporter-output>
        </test-method> <!-- tearDown -->
      </class> <!-- com.crm.qa.testcases.ContactsPageTest -->
      <class name="com.crm.qa.testcases.LoginPageTest">
        <test-method is-config="true" signature="setUp()[pri:0, instance:com.crm.qa.testcases.LoginPageTest@58134517]" started-at="2022-06-22T00:44:53 GMT-04:00" name="setUp" finished-at="2022-06-22T00:45:00 GMT-04:00" duration-ms="6740" status="PASS">
          <reporter-output>
          </reporter-output>
        </test-method> <!-- setUp -->
        <test-method signature="loginPageTitleTest()[pri:1, instance:com.crm.qa.testcases.LoginPageTest@58134517]" started-at="2022-06-22T00:45:00 GMT-04:00" name="loginPageTitleTest" finished-at="2022-06-22T00:45:00 GMT-04:00" duration-ms="24" status="PASS">
          <reporter-output>
          </reporter-output>
        </test-method> <!-- loginPageTitleTest -->
        <test-method is-config="true" signature="tearDown()[pri:0, instance:com.crm.qa.testcases.LoginPageTest@58134517]" started-at="2022-06-22T00:45:00 GMT-04:00" name="tearDown" finished-at="2022-06-22T00:45:01 GMT-04:00" duration-ms="1143" status="PASS">
          <reporter-output>
          </reporter-output>
        </test-method> <!-- tearDown -->
        <test-method is-config="true" signature="setUp()[pri:0, instance:com.crm.qa.testcases.LoginPageTest@58134517]" started-at="2022-06-22T00:45:01 GMT-04:00" name="setUp" finished-at="2022-06-22T00:45:07 GMT-04:00" duration-ms="6574" status="PASS">
          <reporter-output>
          </reporter-output>
        </test-method> <!-- setUp -->
        <test-method signature="crmLogoImageTest()[pri:2, instance:com.crm.qa.testcases.LoginPageTest@58134517]" started-at="2022-06-22T00:45:07 GMT-04:00" name="crmLogoImageTest" finished-at="2022-06-22T00:45:08 GMT-04:00" duration-ms="192" status="PASS">
          <reporter-output>
          </reporter-output>
        </test-method> <!-- crmLogoImageTest -->
        <test-method is-config="true" signature="tearDown()[pri:0, instance:com.crm.qa.testcases.LoginPageTest@58134517]" started-at="2022-06-22T00:45:08 GMT-04:00" name="tearDown" finished-at="2022-06-22T00:45:09 GMT-04:00" duration-ms="855" status="PASS">
          <reporter-output>
          </reporter-output>
        </test-method> <!-- tearDown -->
        <test-method is-config="true" signature="setUp()[pri:0, instance:com.crm.qa.testcases.LoginPageTest@58134517]" started-at="2022-06-22T00:45:09 GMT-04:00" name="setUp" finished-at="2022-06-22T00:45:15 GMT-04:00" duration-ms="6478" status="PASS">
          <reporter-output>
          </reporter-output>
        </test-method> <!-- setUp -->
        <test-method signature="loginTest()[pri:3, instance:com.crm.qa.testcases.LoginPageTest@58134517]" started-at="2022-06-22T00:45:15 GMT-04:00" name="loginTest" finished-at="2022-06-22T00:45:20 GMT-04:00" duration-ms="5218" status="PASS">
          <reporter-output>
          </reporter-output>
        </test-method> <!-- loginTest -->
        <test-method is-config="true" signature="tearDown()[pri:0, instance:com.crm.qa.testcases.LoginPageTest@58134517]" started-at="2022-06-22T00:45:20 GMT-04:00" name="tearDown" finished-at="2022-06-22T00:45:21 GMT-04:00" duration-ms="955" status="PASS">
          <reporter-output>
          </reporter-output>
        </test-method> <!-- tearDown -->
      </class> <!-- com.crm.qa.testcases.LoginPageTest -->
    </test> <!-- Surefire test -->
  </suite> <!-- Surefire suite -->
</testng-results>
