<?xml version="1.0" encoding="UTF-8"?>
<testsuite xmlns:xsi="http://www.w3.org/2001/XMLSchema-instance" xsi:noNamespaceSchemaLocation="https://maven.apache.org/surefire/maven-surefire-plugin/xsd/surefire-test-report.xsd" name="TestSuite" time="190.467" tests="14" errors="0" skipped="0" failures="1">
  <properties>
[...]
</properties>
  <testcase name="verifyContactsPageLabel" classname="com.crm.qa.testcases.ContactsPageTest" time="0.088"/>
  <testcase name="selectSingleContactsTest" classname="com.crm.qa.testcases.ContactsPageTest" time="0.048"/>
  <testcase name="selectMultipleContactsTest" classname="com.crm.qa.testcases.ContactsPageTest" time="20.691">
    <failure message="Unable to locate element: //a[text()=&apos;tom patel&apos;]//parent::td[@class=&apos;&apos;]//preceding-sibling::td[@class=&apos;&apos;]//div[@class=&apos;ui fitted read-only checkbox&apos;]&#10;For documentation on this error, please visit: http://seleniumhq.org/exceptions/no_such_element.html&#10;Build info: version: &apos;3.14.0&apos;, revision: &apos;aacccce0&apos;, time: &apos;2018-08-02T20:19:58.91Z&apos;&#10;System info: host: &apos;krupals-MacBook-Air.local&apos;, ip: &apos;fe80:0:0:0:40:aec7:e058:b083%en0&apos;, os.name: &apos;Mac OS X&apos;, os.arch: &apos;x86_64&apos;, os.version: &apos;10.13.6&apos;, java.version: &apos;14.0.2&apos;&#10;Driver info: org.openqa.selenium.firefox.FirefoxDriver&#10;Capabilities {acceptInsecureCerts: true, browserName: firefox, browserVersion: 101.0.1, javascriptEnabled: true, moz:accessibilityChecks: false, moz:buildID: 20220608170832, moz:geckodriverVersion: 0.30.0, moz:headless: false, moz:processID: 5476, moz:profile: /var/folders/p8/fwvt8hpx36d..., moz:shutdownTimeout: 60000, moz:useNonSpecCompliantPointerOrigin: false, moz:webdriverClick: true, pageLoadStrategy: normal, platform: MAC, platformName: MAC, platformVersion: 17.7.0, proxy: Proxy(), setWindowRect: true, strictFileInteractability: false, timeouts: {implicit: 0, pageLoad: 300000, script: 30000}, unhandledPromptBehavior: dismiss and notify}&#10;Session ID: cba531ee-275b-4b1a-ade8-85ad3540932d&#10;*** Element info: {Using=xpath, value=//a[text()=&apos;tom patel&apos;]//parent::td[@class=&apos;&apos;]//preceding-sibling::td[@class=&apos;&apos;]//div[@class=&apos;ui fitted read-only checkbox&apos;]}" type="org.openqa.selenium.NoSuchElementException">org.openqa.selenium.NoSuchElementException: 
Unable to locate element: //a[text()='tom patel']//parent::td[@class='']//preceding-sibling::td[@class='']//div[@class='ui fitted read-only checkbox']
For documentation on this error, please visit: http://seleniumhq.org/exceptions/no_such_element.html
Build info: version: '3.14.0', revision: 'aacccce0', time: '2018-08-02T20:19:58.91Z'
System info: host: 'krupals-MacBook-Air.local', ip: 'fe80:0:0:0:40:aec7:e058:b083%en0', os.name: 'Mac OS X', os.arch: 'x86_64', os.version: '10.13.6', java.version: '14.0.2'
Driver info: org.openqa.selenium.firefox.FirefoxDriver
Capabilities {acceptInsecureCerts: true, browserName: firefox, browserVersion: 101.0.1, javascriptEnabled: true, moz:accessibilityChecks: false, moz:buildID: 20220608170832, moz:geckodriverVersion: 0.30.0, moz:headless: false, moz:processID: 5476, moz:profile: /var/folders/p8/fwvt8hpx36d..., moz:shutdownTimeout: 60000, moz:useNonSpecCompliantPointerOrigin: false, moz:webdriverClick: true, pageLoadStrategy: normal, platform: MAC, platformName: MAC, platformVersion: 17.7.0, proxy: Proxy(), setWindowRect: true, strictFileInteractability: false, timeouts: {implicit: 0, pageLoad: 300000, script: 30000}, unhandledPromptBehavior: dismiss and notify}
Session ID: cba531ee-275b-4b1a-ade8-85ad3540932d
*** Element info: {Using=xpath, value=//a[text()='tom patel']//parent::td[@class='']//preceding-sibling::td[@class='']//div[@class='ui fitted read-only checkbox']}
	at com.crm.qa.testcases.ContactsPageTest.selectMultipleContactsTest(ContactsPageTest.java:58)
</failure>
    <system-out><![CDATA[Before navigating to: 'https://www.freecrm.com'
Navigated to:'https://www.freecrm.com'
Trying to find Element By : By.linkText: Login
Found Element By : By.linkText: Login
Trying to find Element By : By.name: email
Found Element By : By.name: email
Trying to find Element By : By.name: password
Found Element By : By.name: password
Trying to find Element By : By.xpath: //div[text()='Login']
Found Element By : By.xpath: //div[text()='Login']
Trying to click on: [[FirefoxDriver: firefox on MAC (cba531ee-275b-4b1a-ade8-85ad3540932d)] -> xpath: //div[text()='Login']]
Clicked on: [[FirefoxDriver: firefox on MAC (cba531ee-275b-4b1a-ade8-85ad3540932d)] -> xpath: //div[text()='Login']]
Trying to find Element By : By.xpath: //i[@class='users icon']
Found Element By : By.xpath: //i[@class='users icon']
Trying to click on: [[FirefoxDriver: firefox on MAC (cba531ee-275b-4b1a-ade8-85ad3540932d)] -> xpath: //i[@class='users icon']]
Clicked on: [[FirefoxDriver: firefox on MAC (cba531ee-275b-4b1a-ade8-85ad3540932d)] -> xpath: //i[@class='users icon']]
Trying to find Element By : By.xpath: //div[@id='top-header-menu']
Found Element By : By.xpath: //div[@id='top-header-menu']
Trying to find Element By : By.xpath: //a[text()='xyz xyz']//parent::td[@class='']//preceding-sibling::td[@class='']//div[@class='ui fitted read-only checkbox']
Found Element By : By.xpath: //a[text()='xyz xyz']//parent::td[@class='']//preceding-sibling::td[@class='']//div[@class='ui fitted read-only checkbox']
Trying to find Element By : By.xpath: //a[text()='tom patel']//parent::td[@class='']//preceding-sibling::td[@class='']//div[@class='ui fitted read-only checkbox']
Exception occured: org.openqa.selenium.NoSuchElementException: Unable to locate element: //a[text()='tom patel']//parent::td[@class='']//preceding-sibling::td[@class='']//div[@class='ui fitted read-only checkbox']
For documentation on this error, please visit: http://seleniumhq.org/exceptions/no_such_element.html
Build info: version: '3.14.0', revision: 'aacccce0', time: '2018-08-02T20:19:58.91Z'
System info: host: 'krupals-MacBook-Air.local', ip: 'fe80:0:0:0:40:aec7:e058:b083%en0', os.name: 'Mac OS X', os.arch: 'x86_64', os.version: '10.13.6', java.version: '14.0.2'
Driver info: org.openqa.selenium.firefox.FirefoxDriver
Capabilities {acceptInsecureCerts: true, browserName: firefox, browserVersion: 101.0.1, javascriptEnabled: true, moz:accessibilityChecks: false, moz:buildID: 20220608170832, moz:geckodriverVersion: 0.30.0, moz:headless: false, moz:processID: 5476, moz:profile: /var/folders/p8/fwvt8hpx36d..., moz:shutdownTimeout: 60000, moz:useNonSpecCompliantPointerOrigin: false, moz:webdriverClick: true, pageLoadStrategy: normal, platform: MAC, platformName: MAC, platformVersion: 17.7.0, proxy: Proxy(), setWindowRect: true, strictFileInteractability: false, timeouts: {implicit: 0, pageLoad: 300000, script: 30000}, unhandledPromptBehavior: dismiss and notify}
Session ID: cba531ee-275b-4b1a-ade8-85ad3540932d
*** Element info: {Using=xpath, value=//a[text()='tom patel']//parent::td[@class='']//preceding-sibling::td[@class='']//div[@class='ui fitted read-only checkbox']}
]]></system-out>
    <system-err><![CDATA[1655872955254	Marionette	INFO	Stopped listening on port 51705

###!!! [Parent][PContentParent] Error: Send(msgname=PContent::Msg_DestroyBrowsingContextGroup) Closed channel: cannot send/recv

1655872956427	geckodriver	INFO	Listening on 127.0.0.1:24027
1655872956449	mozrunner::runner	INFO	Running command: "/Applications/Firefox.app/Contents/MacOS/firefox-bin" "--marionette" "-foreground" "-no-remote" "-profile" "/var/folders/p8/fwvt8hpx36d58mz2k3pr6zcw0000gn/T/rust_mozprofilezDW3cl"
_RegisterApplication(), FAILED TO establish the default connection to the WindowServer, _CGSDefaultConnection() is NULL.
1655872957086	Marionette	INFO	Marionette enabled
_RegisterApplication(), FAILED TO establish the default connection to the WindowServer, _CGSDefaultConnection() is NULL.
_RegisterApplication(), FAILED TO establish the default connection to the WindowServer, _CGSDefaultConnection() is NULL.
console.warn: SearchSettings: "get: No settings file exists, new profile?" (new NotFoundError("Could not open the file at /var/folders/p8/fwvt8hpx36d58mz2k3pr6zcw0000gn/T/rust_mozprofilezDW3cl/search.json.mozlz4", (void 0)))
console.error: BackgroundUpdate: 
  _reasonsToNotScheduleUpdates: Failed to check for Maintenance Service Registry Key: [Exception... "Component returned failure code: 0x80004001 (NS_ERROR_NOT_IMPLEMENTED) [nsIUpdateProcessor.getServiceRegKeyExists]"  nsresult: "0x80004001 (NS_ERROR_NOT_IMPLEMENTED)"  location: "JS frame :: resource://gre/modules/BackgroundUpdate.jsm :: _reasonsToNotScheduleUpdates :: line 241"  data: no]
1655872959188	Marionette	INFO	Listening on port 51814
1655872959253	RemoteAgent	WARN	TLS certificate errors will be ignored for this session
Jun 22, 2022 12:42:39 AM org.openqa.selenium.remote.ProtocolHandshake createSession
INFO: Detected dialect: W3C
_RegisterApplication(), FAILED TO establish the default connection to the WindowServer, _CGSDefaultConnection() is NULL.
_RegisterApplication(), FAILED TO establish the default connection to the WindowServer, _CGSDefaultConnection() is NULL.
_RegisterApplication(), FAILED TO establish the default connection to the WindowServer, _CGSDefaultConnection() is NULL.
_RegisterApplication(), FAILED TO establish the default connection to the WindowServer, _CGSDefaultConnection() is NULL.
_RegisterApplication(), FAILED TO establish the default connection to the WindowServer, _CGSDefaultConnection() is NULL.
_RegisterApplication(), FAILED TO establish the default connection to the WindowServer, _CGSDefaultConnection() is NULL.
]]></system-err>
  </testcase>
  <testcase name="validateCreateNewContact" classname="com.crm.qa.testcases.ContactsPageTest" time="3.913"/>
  <testcase name="validateCreateNewContact" classname="com.crm.qa.testcases.ContactsPageTest" time="3.566"/>
  <testcase name="validateCreateNewContact" classname="com.crm.qa.testcases.ContactsPageTest" time="3.425"/>
  <testcase name="verifyHomePageTitleTest" classname="com.crm.qa.testcases.HomePageTest" time="0.009"/>
  <testcase name="verifyUserNameTest" classname="com.crm.qa.testcases.HomePageTest" time="1.823"/>
  <testcase name="verifyContactsLinkTest" classname="com.crm.qa.testcases.HomePageTest" time="1.327"/>
  <testcase name="verifyDealsLinkTest" classname="com.crm.qa.testcases.HomePageTest" time="1.498"/>
  <testcase name="verifyTaskLinkTest" classname="com.crm.qa.testcases.HomePageTest" time="1.171"/>
  <testcase name="loginPageTitleTest" classname="com.crm.qa.testcases.LoginPageTest" time="0.026"/>
  <testcase name="crmLogoImageTest" classname="com.crm.qa.testcases.LoginPageTest" time="0.185"/>
  <testcase name="loginTest" classname="com.crm.qa.testcases.LoginPageTest" time="5.218"/>
</testsuite>